[debug] [2017-11-20T15:57:53.191Z] ----------------------------------------------------------------------
[debug] [2017-11-20T15:57:53.193Z] Command:       /Users/gkawin/.nvm/versions/node/v8.9.0/bin/node /Users/gkawin/.nvm/versions/node/v8.9.0/bin/firebase serve --only functions
[debug] [2017-11-20T15:57:53.193Z] CLI Version:   3.14.0
[debug] [2017-11-20T15:57:53.193Z] Platform:      darwin
[debug] [2017-11-20T15:57:53.193Z] Node Version:  v8.9.0
[debug] [2017-11-20T15:57:53.194Z] Time:          Mon Nov 20 2017 22:57:53 GMT+0700 (ICT)
[debug] [2017-11-20T15:57:53.194Z] ----------------------------------------------------------------------
[debug] 
[debug] [2017-11-20T15:57:53.206Z] > command requires scopes: ["email","openid","https://www.googleapis.com/auth/cloudplatformprojects.readonly","https://www.googleapis.com/auth/firebase","https://www.googleapis.com/auth/cloud-platform"]
[debug] [2017-11-20T15:57:53.206Z] > authorizing via signed-in user
[debug] [2017-11-20T15:57:53.208Z] >>> HTTP REQUEST GET https://admin.firebase.com/v1/projects/toddteng-bbdc7  
 Mon Nov 20 2017 22:57:53 GMT+0700 (ICT)
[debug] [2017-11-20T15:57:54.772Z] <<< HTTP RESPONSE 200
[debug] [2017-11-20T15:57:54.773Z] >>> HTTP REQUEST GET https://admin.firebase.com/v1/database/toddteng-bbdc7/tokens  
 Mon Nov 20 2017 22:57:54 GMT+0700 (ICT)
[debug] [2017-11-20T15:57:55.894Z] <<< HTTP RESPONSE 200
[info] 
[info] === Serving from '/Users/gkawin/site-projects/toddtang'...
[info] 
[info] i  functions: Preparing to emulate functions.
[debug] [2017-11-20T15:57:56.221Z] >>> HTTP REQUEST GET https://appengine.googleapis.com/v1/apps/toddteng-bbdc7  
 Mon Nov 20 2017 22:57:56 GMT+0700 (ICT)
[debug] [2017-11-20T15:57:56.222Z] >>> HTTP REQUEST GET https://apikeys.googleapis.com/v1/projects/toddteng-bbdc7/apiKeys  
 Mon Nov 20 2017 22:57:56 GMT+0700 (ICT)
[debug] [2017-11-20T15:57:57.738Z] <<< HTTP RESPONSE 200
[debug] [2017-11-20T15:57:57.739Z] <<< HTTP RESPONSE 200
[info] ✔  functions: api: http://localhost:5000/toddteng-bbdc7/us-central1/api
